[    6026ms] [WARNING] The resource https://cdn.delve.co/src/delve-cookie-consent-default.js was preloaded using link preload but not used within a few seconds from the window's load event. Please make sure it has an appropriate `as` value and it is preloaded intentionally. @ https://cluely.com/:0
[    6026ms] [WARNING] The resource https://www.googletagmanager.com/gtag/js?id=AW-17346443106 was preloaded using link preload but not used within a few seconds from the window's load event. Please make sure it has an appropriate `as` value and it is preloaded intentionally. @ https://cluely.com/:0
[    6026ms] [WARNING] The resource https://static.klaviyo.com/onsite/js/klaviyo.js?company_id=QSPPdB was preloaded using link preload but not used within a few seconds from the window's load event. Please make sure it has an appropriate `as` value and it is preloaded intentionally. @ https://cluely.com/:0
[    6026ms] [WARNING] The resource https://js-na2.hs-scripts.com/242775490.js was preloaded using link preload but not used within a few seconds from the window's load event. Please make sure it has an appropriate `as` value and it is preloaded intentionally. @ https://cluely.com/:0
[    6026ms] [WARNING] The resource https://cdn.firstpromoter.com/fpr.js was preloaded using link preload but not used within a few seconds from the window's load event. Please make sure it has an appropriate `as` value and it is preloaded intentionally. @ https://cluely.com/:0
[   11901ms] [ERROR] Load failed, error in settings @ https://proxy.csidetm.com/loader/https%3A%2F%2Fwww.googletagmanager.com%2Fgtm.js%3Fid%3DGTM-TXZJJM5K/https%3A%2F%2Fcdn.vector.co%2Fpixel.js:1
[   11901ms] [ERROR] No visitor ID available. Load may have failed. @ https://proxy.csidetm.com/loader/https%3A%2F%2Fwww.googletagmanager.com%2Fgtm.js%3Fid%3DGTM-TXZJJM5K/https%3A%2F%2Fcdn.vector.co%2Fpixel.js:1
[   11992ms] [ERROR] Failed to load resource: the server responded with a status of 400 () @ https://aplo-evnt.com/api/v1/intent_pixel/track_request?app_id=682fb3465bba2a0021fb981f:0
[   11992ms] [ERROR] Failed to load resource: the server responded with a status of 400 () @ https://aplo-evnt.com/api/v1/intent_pixel/track_request?app_id=682fb3465bba2a0021fb981f:0
[   11993ms] [ERROR] Failed to load resource: the server responded with a status of 400 () @ https://aplo-evnt.com/api/v1/intent_pixel/track_request?app_id=682fb3465bba2a0021fb981f:0
[   12002ms] [ERROR] Failed to load resource: the server responded with a status of 400 () @ https://aplo-evnt.com/api/v1/intent_pixel/track_request?app_id=682fb3465bba2a0021fb981f:0
[   15520ms] [WARNING] The resource https://cdn.delve.co/src/delve-cookie-consent-default.js was preloaded using link preload but not used within a few seconds from the window's load event. Please make sure it has an appropriate `as` value and it is preloaded intentionally. @ https://cluely.com/:0
[   15520ms] [WARNING] The resource https://www.googletagmanager.com/gtag/js?id=AW-17346443106 was preloaded using link preload but not used within a few seconds from the window's load event. Please make sure it has an appropriate `as` value and it is preloaded intentionally. @ https://cluely.com/:0
[   15520ms] [WARNING] The resource https://static.klaviyo.com/onsite/js/klaviyo.js?company_id=QSPPdB was preloaded using link preload but not used within a few seconds from the window's load event. Please make sure it has an appropriate `as` value and it is preloaded intentionally. @ https://cluely.com/:0
[   15520ms] [WARNING] The resource https://cdn.firstpromoter.com/fpr.js was preloaded using link preload but not used within a few seconds from the window's load event. Please make sure it has an appropriate `as` value and it is preloaded intentionally. @ https://cluely.com/:0
[   24512ms] [WARNING] The resource https://cdn.delve.co/src/delve-cookie-consent-default.js was preloaded using link preload but not used within a few seconds from the window's load event. Please make sure it has an appropriate `as` value and it is preloaded intentionally. @ https://cluely.com/:0
[   24513ms] [WARNING] The resource https://www.googletagmanager.com/gtag/js?id=AW-17346443106 was preloaded using link preload but not used within a few seconds from the window's load event. Please make sure it has an appropriate `as` value and it is preloaded intentionally. @ https://cluely.com/:0
[   24513ms] [WARNING] The resource https://static.klaviyo.com/onsite/js/klaviyo.js?company_id=QSPPdB was preloaded using link preload but not used within a few seconds from the window's load event. Please make sure it has an appropriate `as` value and it is preloaded intentionally. @ https://cluely.com/:0
[   24513ms] [WARNING] The resource https://cdn.firstpromoter.com/fpr.js was preloaded using link preload but not used within a few seconds from the window's load event. Please make sure it has an appropriate `as` value and it is preloaded intentionally. @ https://cluely.com/:0
[   79406ms] [WARNING] The resource https://cdn.delve.co/src/delve-cookie-consent-default.js was preloaded using link preload but not used within a few seconds from the window's load event. Please make sure it has an appropriate `as` value and it is preloaded intentionally. @ https://cluely.com/:0
[   79406ms] [WARNING] The resource https://www.googletagmanager.com/gtag/js?id=AW-17346443106 was preloaded using link preload but not used within a few seconds from the window's load event. Please make sure it has an appropriate `as` value and it is preloaded intentionally. @ https://cluely.com/:0
[   79406ms] [WARNING] The resource https://static.klaviyo.com/onsite/js/klaviyo.js?company_id=QSPPdB was preloaded using link preload but not used within a few seconds from the window's load event. Please make sure it has an appropriate `as` value and it is preloaded intentionally. @ https://cluely.com/:0
[   79406ms] [WARNING] The resource https://cdn.firstpromoter.com/fpr.js was preloaded using link preload but not used within a few seconds from the window's load event. Please make sure it has an appropriate `as` value and it is preloaded intentionally. @ https://cluely.com/:0
